build/app/outputs/mapping/release/mapping.txt
# compiler: R8
# compiler_version: 1.5.64
# min_api: 16
# pg_map_id: 92ce492
...
io.flutter.plugin.platform.PlatformViewsController$1$1 -> io.flutter.plugin.platform.i$a$a:
    io.flutter.plugin.platform.VirtualDisplayController val$vdController -> a
    java.lang.Runnable val$onComplete -> b
    io.flutter.plugin.platform.PlatformViewsController$1 this$1 -> c
io.flutter.plugin.platform.SingleViewPresentation$AccessibilityDelegatingFrameLayout -> io.flutter.plugin.platform.SingleViewPresentation$a:
    android.view.View embeddedView -> b
    io.flutter.plugin.platform.AccessibilityEventsDelegate accessibilityEventsDelegate -> a
io.flutter.plugin.platform.SingleViewPresentation$FakeWindowViewGroup -> io.flutter.plugin.platform.SingleViewPresentation$b:
    android.graphics.Rect viewBounds -> a
    android.graphics.Rect childRect -> b
    int atMost(int) -> a
io.flutter.plugin.platform.SingleViewPresentation$ImmContext -> io.flutter.plugin.platform.SingleViewPresentation$c:
    android.view.inputmethod.InputMethodManager inputMethodManager -> a
io.flutter.plugin.platform.SingleViewPresentation$PresentationContext -> io.flutter.plugin.platform.SingleViewPresentation$d:
    android.content.Context flutterAppWindowContext -> c
    io.flutter.plugin.platform.SingleViewPresentation$WindowManagerHandler windowManagerHandler -> a
    android.view.WindowManager windowManager -> b
    android.view.WindowManager getWindowManager() -> a
    boolean isCalledFromAlertDialog() -> b
io.flutter.plugin.platform.SingleViewPresentation$PresentationState -> io.flutter.plugin.platform.SingleViewPresentation$e:
    io.flutter.plugin.platform.SingleViewPresentation$FakeWindowViewGroup fakeWindowViewGroup -> c
    io.flutter.plugin.platform.PlatformView platformView -> a
    io.flutter.plugin.platform.SingleViewPresentation$WindowManagerHandler windowManagerHandler -> b
    io.flutter.plugin.platform.SingleViewPresentation$FakeWindowViewGroup access$000(io.flutter.plugin.platform.SingleViewPresentation$PresentationState) -> a
    io.flutter.plugin.platform.SingleViewPresentation$FakeWindowViewGroup access$002(io.flutter.plugin.platform.SingleViewPresentation$PresentationState,io.flutter.plugin.platform.SingleViewPresentation$FakeWindowViewGroup) -> a
    io.flutter.plugin.platform.SingleViewPresentation$WindowManagerHandler access$102(io.flutter.plugin.platform.SingleViewPresentation$PresentationState,io.flutter.plugin.platform.SingleViewPresentation$WindowManagerHandler) -> a
    io.flutter.plugin.platform.PlatformView access$202(io.flutter.plugin.platform.SingleViewPresentation$PresentationState,io.flutter.plugin.platform.PlatformView) -> a
    io.flutter.plugin.platform.SingleViewPresentation$WindowManagerHandler access$100(io.flutter.plugin.platform.SingleViewPresentation$PresentationState) -> b
    io.flutter.plugin.platform.PlatformView access$200(io.flutter.plugin.platform.SingleViewPresentation$PresentationState) -> c
io.flutter.plugin.platform.SingleViewPresentation$WindowManagerHandler -> io.flutter.plugin.platform.SingleViewPresentation$f:
    android.view.WindowManager delegate -> a
    io.flutter.plugin.platform.SingleViewPresentation$FakeWindowViewGroup fakeWindowRootView -> b
    void addView(java.lang.Object[]) -> a
    android.view.WindowManager getWindowManager() -> a
    void removeView(java.lang.Object[]) -> b
    void removeViewImmediate(java.lang.Object[]) -> c
    void updateViewLayout(java.lang.Object[]) -> d